2025-05-07 20:15:35,333 - INFO - NVTabular version: 23.08.00
2025-05-07 20:15:35,334 - INFO - cuDF version: 23.04.01
2025-05-07 20:15:35,334 - INFO - Pandas version: 1.5.3
2025-05-07 20:15:35,337 - INFO - Creating preload: dask_cuda.initialize
2025-05-07 20:15:35,337 - INFO - Import preload module: dask_cuda.initialize
2025-05-07 20:15:35,361 - INFO - Run preload setup: dask_cuda.initialize
2025-05-07 20:15:35,563 - INFO -       Start worker at:      tcp://127.0.0.1:40049
2025-05-07 20:15:35,564 - INFO -          Listening to:      tcp://127.0.0.1:40049
2025-05-07 20:15:35,564 - INFO -           Worker name:                          0
2025-05-07 20:15:35,564 - INFO -          dashboard at:            127.0.0.1:35197
2025-05-07 20:15:35,564 - INFO - Waiting to connect to:      tcp://127.0.0.1:33663
2025-05-07 20:15:35,564 - INFO - -------------------------------------------------
2025-05-07 20:15:35,564 - INFO -               Threads:                          1
2025-05-07 20:15:35,564 - INFO -                Memory:                 251.74 GiB
2025-05-07 20:15:35,564 - INFO -       Local Directory: /tmp/dask-worker-space/worker-iocgmon8
2025-05-07 20:15:35,565 - INFO - Starting Worker plugin RMMSetup-62b158f9-3ce9-49d4-b459-b246679ffba3
2025-05-07 20:15:36,133 - INFO - Starting Worker plugin CPUAffinity-e0cb00bc-e63b-4099-90f3-1ca387e05ea6
2025-05-07 20:15:36,133 - INFO - Starting Worker plugin PreImport-fc8dd915-7808-401e-a276-ffc5663c4192
2025-05-07 20:15:36,134 - INFO - -------------------------------------------------
2025-05-07 20:15:36,194 - INFO -         Registered to:      tcp://127.0.0.1:33663
2025-05-07 20:15:36,194 - INFO - -------------------------------------------------
2025-05-07 20:15:36,195 - INFO - Starting established connection to tcp://127.0.0.1:33663
2025-05-07 20:15:39,335 - INFO - Run out-of-band function 'clean_worker_cache'
2025-05-07 20:15:41,215 - INFO - Run out-of-band function 'clean_worker_cache'
2025-05-07 20:54:18,383 - INFO - Stopping worker at tcp://127.0.0.1:40049. Reason: worker-close
2025-05-07 20:54:18,387 - INFO - Batched Comm Closed <TCP (closed) Worker->Scheduler local=tcp://127.0.0.1:34796 remote=tcp://127.0.0.1:33663>
Traceback (most recent call last):
  File "/home/yuzhuyu/miniconda3/envs/nvtabular_23_08/lib/python3.10/asyncio/runners.py", line 44, in run
    return loop.run_until_complete(main)
  File "/home/yuzhuyu/miniconda3/envs/nvtabular_23_08/lib/python3.10/asyncio/base_events.py", line 636, in run_until_complete
    self.run_forever()
  File "/home/yuzhuyu/miniconda3/envs/nvtabular_23_08/lib/python3.10/asyncio/base_events.py", line 603, in run_forever
    self._run_once()
  File "/home/yuzhuyu/miniconda3/envs/nvtabular_23_08/lib/python3.10/asyncio/base_events.py", line 1871, in _run_once
    event_list = self._selector.select(timeout)
  File "/home/yuzhuyu/miniconda3/envs/nvtabular_23_08/lib/python3.10/selectors.py", line 469, in select
    fd_event_list = self._selector.poll(timeout, max_ev)
KeyboardInterrupt

During handling of the above exception, another exception occurred:

Traceback (most recent call last):
  File "/home/yuzhuyu/miniconda3/envs/nvtabular_23_08/lib/python3.10/site-packages/distributed/batched.py", line 115, in _background_send
    nbytes = yield coro
  File "/home/yuzhuyu/.local/lib/python3.10/site-packages/tornado/gen.py", line 767, in run
    value = future.result()
  File "/home/yuzhuyu/miniconda3/envs/nvtabular_23_08/lib/python3.10/site-packages/distributed/comm/tcp.py", line 269, in write
    raise CommClosedError()
distributed.comm.core.CommClosedError
2025-05-07 20:54:19,098 - ERROR - Worker process died unexpectedly
